
Sat Jul 18 2015 21:55:01 GMT-0500 (ECT)

Operating System
  Name                        = Mac OS X
  Version                     = 10.10.3
  Architecture                = 64bit
  # CPUs                      = 4
  Memory                      = 4294967296

Node.js
  Node.js Version             = 0.10.37
  npm Version                 = 1.4.28

Titanium CLI
  CLI Version                 = 4.0.1

Titanium SDK
  SDK Version                 = 4.0.0.GA
  SDK Path                    = /Users/bla/Library/Application Support/Titanium/mobilesdk/osx/4.0.0.GA
  Target Platform             = iphone

Command
  /usr/local/bin/node /Users/bla/.appcelerator/install/4.0.2/package/node_modules/appc-cli-titanium/node_modules/titanium/bin/titanium build --platform ipad --log-level trace --sdk 4.0.0.GA --project-dir /Users/bla/Documents/Appcelerator_Studio_Workspace/AVFprojectWeek1 --target simulator --ios-version 8.4 --device-family universal --deploy-type development --sim-type ipad --sim-version 8.4 --device-id 58A12DC0-FEDA-41E2-AD18-7417D3C35353 --skip-js-minify --no-colors --no-progress-bars --no-prompt --prompt-type socket-bundle --prompt-port 51890 --plugin-paths /Users/bla/.appcelerator/install/4.0.2/package/node_modules --config-file /var/folders/dh/xf0sgp_12n3ch00vllmzdggm0000gn/T/build-1437274496526.json --no-banner

[DEBUG]  Detecting modules in /Users/bla/Library/Application Support/Titanium/modules
[DEBUG]  Detected android module: com.appcelerator.apm 1.1.1 @ /Users/bla/Library/Application Support/Titanium/modules/android/com.appcelerator.apm/1.1.1
[DEBUG]  Detected android module: facebook 4.0.3 @ /Users/bla/Library/Application Support/Titanium/modules/android/facebook/4.0.3
[DEBUG]  Detected android module: ti.cloudpush 3.3.8 @ /Users/bla/Library/Application Support/Titanium/modules/android/ti.cloudpush/3.3.8
[DEBUG]  Detected android module: ti.map 2.3.0 @ /Users/bla/Library/Application Support/Titanium/modules/android/ti.map/2.3.0
[DEBUG]  Detected commonjs module: ti.cloud 3.2.8 @ /Users/bla/Library/Application Support/Titanium/modules/commonjs/ti.cloud/3.2.8
[DEBUG]  Detected iphone module: com.appcelerator.apm 1.1.1 @ /Users/bla/Library/Application Support/Titanium/modules/iphone/com.appcelerator.apm/1.1.1
[DEBUG]  Detected iphone module: com.appcelerator.urlSession 1.1.1 @ /Users/bla/Library/Application Support/Titanium/modules/iphone/com.appcelerator.urlSession/1.1.1
[DEBUG]  Detected iphone module: facebook 4.0.3 @ /Users/bla/Library/Application Support/Titanium/modules/iphone/facebook/4.0.3
[DEBUG]  Detected iphone module: ti.coremotion 1.1.0 @ /Users/bla/Library/Application Support/Titanium/modules/iphone/ti.coremotion/1.1.0
[DEBUG]  Detected iphone module: ti.map 2.2.2 @ /Users/bla/Library/Application Support/Titanium/modules/iphone/ti.map/2.2.2
[DEBUG]  Detected iphone module: ti.touchid 1.1.0 @ /Users/bla/Library/Application Support/Titanium/modules/iphone/ti.touchid/1.1.0
[DEBUG]  Looking for Titanium module id=ti.cloud version=latest platform=commonjs deploy-type=development
[INFO]   Found Titanium module id=ti.cloud version=3.2.8 platform=commonjs deploy-type=development path=/Users/bla/Library/Application Support/Titanium/modules/commonjs/ti.cloud/3.2.8
[DEBUG]  No project level plugins to load
[DEBUG]  Titanium SDK iOS directory: /Users/bla/Library/Application Support/Titanium/mobilesdk/osx/4.0.0.GA/iphone
[INFO]   Deploy type: development
[INFO]   Building for target: simulator
[INFO]   Building using iOS SDK: 8.4
[INFO]   Building for iOS Simulator: iPad 2
[DEBUG]  UDID: 58A12DC0-FEDA-41E2-AD18-7417D3C35353
[DEBUG]  Simulator type: ipad
[DEBUG]  Simulator version: 8.4
[INFO]   Building for device family: universal
[DEBUG]  Setting Xcode target to Debug
[DEBUG]  Setting Xcode build OS to iphonesimulator8.4
[DEBUG]  Xcode installation: /Applications/Xcode.app/Contents/Developer
[DEBUG]  iOS WWDR certificate: installed
[INFO]   Minimum iOS version: 7.0
[INFO]   Debugging disabled
[INFO]   Profiler disabled
[INFO]   Initiating prepare phase
[DEBUG]  Setting Info.plist CFBundleVersion to 1.0
[DEBUG]  Setting Info.plist CFBundleShortVersionString to 1.0
[DEBUG]  Copying /Users/bla/Documents/Appcelerator_Studio_Workspace/AVFprojectWeek1/Resources/iphone/appicon.png => /Users/bla/Documents/Appcelerator_Studio_Workspace/AVFprojectWeek1/build/iphone/build/Debug-iphonesimulator/AVFprojectWeek1.app/appicon.png
[INFO]   Initiating Xcode pre-compile phase
[DEBUG]  Ignoring /Users/bla/Documents/Appcelerator_Studio_Workspace/AVFprojectWeek1/Resources/.DS_Store
[DEBUG]  Symlinking /Users/bla/Documents/Appcelerator_Studio_Workspace/AVFprojectWeek1/Resources/1.png => /Users/bla/Documents/Appcelerator_Studio_Workspace/AVFprojectWeek1/build/iphone/build/Debug-iphonesimulator/AVFprojectWeek1.app/1.png
[DEBUG]  Symlinking /Users/bla/Documents/Appcelerator_Studio_Workspace/AVFprojectWeek1/Resources/KS_nav_ui.png => /Users/bla/Documents/Appcelerator_Studio_Workspace/AVFprojectWeek1/build/iphone/build/Debug-iphonesimulator/AVFprojectWeek1.app/KS_nav_ui.png
[DEBUG]  Symlinking /Users/bla/Documents/Appcelerator_Studio_Workspace/AVFprojectWeek1/Resources/KS_nav_views.png => /Users/bla/Documents/Appcelerator_Studio_Workspace/AVFprojectWeek1/build/iphone/build/Debug-iphonesimulator/AVFprojectWeek1.app/KS_nav_views.png
[DEBUG]  Ignoring /Users/bla/Documents/Appcelerator_Studio_Workspace/AVFprojectWeek1/Resources/iphone
[DEBUG]  Ignoring /Users/bla/Documents/Appcelerator_Studio_Workspace/AVFprojectWeek1/Resources/mobileweb
[DEBUG]  Symlinking /Users/bla/Documents/Appcelerator_Studio_Workspace/AVFprojectWeek1/Resources/weather_image.png => /Users/bla/Documents/Appcelerator_Studio_Workspace/AVFprojectWeek1/build/iphone/build/Debug-iphonesimulator/AVFprojectWeek1.app/weather_image.png
[DEBUG]  Symlinking /Users/bla/Documents/Appcelerator_Studio_Workspace/AVFprojectWeek1/Resources/wg_weather.sqlite => /Users/bla/Documents/Appcelerator_Studio_Workspace/AVFprojectWeek1/build/iphone/build/Debug-iphonesimulator/AVFprojectWeek1.app/wg_weather.sqlite
[DEBUG]  Copying /Users/bla/Documents/Appcelerator_Studio_Workspace/AVFprojectWeek1/Resources/iphone/Default-568h@2x.png => /Users/bla/Documents/Appcelerator_Studio_Workspace/AVFprojectWeek1/build/iphone/build/Debug-iphonesimulator/AVFprojectWeek1.app/Default-568h@2x.png
[DEBUG]  Copying /Users/bla/Documents/Appcelerator_Studio_Workspace/AVFprojectWeek1/Resources/iphone/Default-667h@2x.png => /Users/bla/Documents/Appcelerator_Studio_Workspace/AVFprojectWeek1/build/iphone/build/Debug-iphonesimulator/AVFprojectWeek1.app/Default-667h@2x.png
[DEBUG]  Copying /Users/bla/Documents/Appcelerator_Studio_Workspace/AVFprojectWeek1/Resources/iphone/Default-Landscape-736h@3x.png => /Users/bla/Documents/Appcelerator_Studio_Workspace/AVFprojectWeek1/build/iphone/build/Debug-iphonesimulator/AVFprojectWeek1.app/Default-Landscape-736h@3x.png
[DEBUG]  Copying /Users/bla/Documents/Appcelerator_Studio_Workspace/AVFprojectWeek1/Resources/iphone/Default-Landscape.png => /Users/bla/Documents/Appcelerator_Studio_Workspace/AVFprojectWeek1/build/iphone/build/Debug-iphonesimulator/AVFprojectWeek1.app/Default-Landscape.png
[DEBUG]  Copying /Users/bla/Documents/Appcelerator_Studio_Workspace/AVFprojectWeek1/Resources/iphone/Default-Landscape@2x.png => /Users/bla/Documents/Appcelerator_Studio_Workspace/AVFprojectWeek1/build/iphone/build/Debug-iphonesimulator/AVFprojectWeek1.app/Default-Landscape@2x.png
[DEBUG]  Copying /Users/bla/Documents/Appcelerator_Studio_Workspace/AVFprojectWeek1/Resources/iphone/Default-Portrait-736h@3x.png => /Users/bla/Documents/Appcelerator_Studio_Workspace/AVFprojectWeek1/build/iphone/build/Debug-iphonesimulator/AVFprojectWeek1.app/Default-Portrait-736h@3x.png
[DEBUG]  Copying /Users/bla/Documents/Appcelerator_Studio_Workspace/AVFprojectWeek1/Resources/iphone/Default-Portrait.png => /Users/bla/Documents/Appcelerator_Studio_Workspace/AVFprojectWeek1/build/iphone/build/Debug-iphonesimulator/AVFprojectWeek1.app/Default-Portrait.png
[DEBUG]  Copying /Users/bla/Documents/Appcelerator_Studio_Workspace/AVFprojectWeek1/Resources/iphone/Default-Portrait@2x.png => /Users/bla/Documents/Appcelerator_Studio_Workspace/AVFprojectWeek1/build/iphone/build/Debug-iphonesimulator/AVFprojectWeek1.app/Default-Portrait@2x.png
[DEBUG]  Copying /Users/bla/Documents/Appcelerator_Studio_Workspace/AVFprojectWeek1/Resources/iphone/Default.png => /Users/bla/Documents/Appcelerator_Studio_Workspace/AVFprojectWeek1/build/iphone/build/Debug-iphonesimulator/AVFprojectWeek1.app/Default.png
[DEBUG]  Copying /Users/bla/Documents/Appcelerator_Studio_Workspace/AVFprojectWeek1/Resources/iphone/Default@2x.png => /Users/bla/Documents/Appcelerator_Studio_Workspace/AVFprojectWeek1/build/iphone/build/Debug-iphonesimulator/AVFprojectWeek1.app/Default@2x.png
[DEBUG]  Copying /Users/bla/Documents/Appcelerator_Studio_Workspace/AVFprojectWeek1/Resources/iphone/appicon.png => /Users/bla/Documents/Appcelerator_Studio_Workspace/AVFprojectWeek1/build/iphone/build/Debug-iphonesimulator/AVFprojectWeek1.app/appicon.png
[INFO]   Processing JavaScript files
[DEBUG]  Symlinking /Users/bla/Documents/Appcelerator_Studio_Workspace/AVFprojectWeek1/Resources/app.js => /Users/bla/Documents/Appcelerator_Studio_Workspace/AVFprojectWeek1/build/iphone/build/Debug-iphonesimulator/AVFprojectWeek1.app/app.js
[DEBUG]  Symlinking /Users/bla/Documents/Appcelerator_Studio_Workspace/AVFprojectWeek1/Resources/db.js => /Users/bla/Documents/Appcelerator_Studio_Workspace/AVFprojectWeek1/build/iphone/build/Debug-iphonesimulator/AVFprojectWeek1.app/db.js
[DEBUG]  Symlinking /Users/bla/Documents/Appcelerator_Studio_Workspace/AVFprojectWeek1/Resources/geo.js => /Users/bla/Documents/Appcelerator_Studio_Workspace/AVFprojectWeek1/build/iphone/build/Debug-iphonesimulator/AVFprojectWeek1.app/geo.js
[DEBUG]  Symlinking /Users/bla/Documents/Appcelerator_Studio_Workspace/AVFprojectWeek1/Resources/ui.js => /Users/bla/Documents/Appcelerator_Studio_Workspace/AVFprojectWeek1/build/iphone/build/Debug-iphonesimulator/AVFprojectWeek1.app/ui.js
[DEBUG]  Symlinking /Users/bla/Documents/Appcelerator_Studio_Workspace/AVFprojectWeek1/Resources/url.js => /Users/bla/Documents/Appcelerator_Studio_Workspace/AVFprojectWeek1/build/iphone/build/Debug-iphonesimulator/AVFprojectWeek1.app/url.js
[DEBUG]  Symlinking /Users/bla/Library/Application Support/Titanium/modules/commonjs/ti.cloud/3.2.8/ti.cloud.js => /Users/bla/Documents/Appcelerator_Studio_Workspace/AVFprojectWeek1/build/iphone/build/Debug-iphonesimulator/AVFprojectWeek1.app/ti.cloud.js
[INFO]   Processing Titanium namespace resources
[DEBUG]  Copying /Users/bla/Library/Application Support/Titanium/mobilesdk/osx/4.0.0.GA/iphone/modules/ui/images => /Users/bla/Documents/Appcelerator_Studio_Workspace/AVFprojectWeek1/build/iphone/build/Debug-iphonesimulator/AVFprojectWeek1.app/modules/ui/images
[INFO]   Skipping xcodebuild
[INFO]   Finished building the application in 636ms
[INFO]   Launching iOS Simulator
[DEBUG]  [ioslib] Removing old log file: /Users/bla/Library/Developer/CoreSimulator/Devices/58A12DC0-FEDA-41E2-AD18-7417D3C35353/data/Containers/Data/Application/EE987D57-1E40-49C0-9409-BB389BD50ACD/Documents/38759db4-804e-4493-9444-7fdc77e48041.log
[DEBUG]  [ioslib] Executing: /Users/bla/Library/Application Support/Titanium/mobilesdk/osx/4.0.0.GA/node_modules/ioslib/lib/ios-sim "launch" "/Users/bla/Documents/Appcelerator_Studio_Workspace/AVFprojectWeek1/build/iphone/build/Debug-iphonesimulator/AVFprojectWeek1.app" "--verbose" "--xcode-dir" "/Applications/Xcode.app/Contents/Developer" "--udid" "58A12DC0-FEDA-41E2-AD18-7417D3C35353" "--timeout" "180"
[DEBUG]  [ioslib] Executing: osascript "/Users/bla/Library/Application Support/Titanium/mobilesdk/osx/4.0.0.GA/node_modules/ioslib/lib/iphone_sim_activate.scpt" "/Applications/Xcode.app/Contents/Developer/Applications/iOS Simulator.app"
[DEBUG]  [ioslib] [ios-sim] [DEBUG] App Spec: <DTiPhoneSimulatorApplicationSpecifier 0x7fc32142c320> specified by app path /Users/bla/Documents/Appcelerator_Studio_Workspace/AVFprojectWeek1/build/iphone/build/Debug-iphonesimulator/AVFprojectWeek1.app
[DEBUG]  [ioslib] [ios-sim] [DEBUG] SDK Root: <DTiPhoneSimulatorSystemRoot 0x7fc321529a20> path=/Applications/Xcode.app/Contents/Developer/Platforms/iPhoneSimulator.platform/Developer/SDKs/iPhoneSimulator.sdk
[DEBUG]  [ioslib] [ios-sim] [DEBUG] Creating named pipe at `/var/folders/dh/xf0sgp_12n3ch00vllmzdggm0000gn/T//ios-sim-stderr-pipe-1437274502'
[DEBUG]  [ioslib] [ios-sim] [DEBUG] Creating named pipe at `/var/folders/dh/xf0sgp_12n3ch00vllmzdggm0000gn/T//ios-sim-stdout-pipe-1437274502'
[DEBUG]  [ioslib] [ios-sim] [DEBUG] using device family iphone
[DEBUG]  [ioslib] [ios-sim] [DEBUG] Comparing F49F2204-A417-41AB-9018-1B1AF1F4F97B == 58A12DC0-FEDA-41E2-AD18-7417D3C35353
[DEBUG]  [ioslib] [ios-sim] [DEBUG] Comparing 1CFAC7DF-8C4E-4014-A053-036CAD62A39D == 58A12DC0-FEDA-41E2-AD18-7417D3C35353
[DEBUG]  [ioslib] [ios-sim] [DEBUG] Comparing AE517FC4-6DE6-432F-90C1-C9506E779742 == 58A12DC0-FEDA-41E2-AD18-7417D3C35353
[DEBUG]  [ioslib] [ios-sim] [DEBUG] Comparing 2CB8EE1E-DAEA-4FBB-8285-58A3B7072E83 == 58A12DC0-FEDA-41E2-AD18-7417D3C35353
[DEBUG]  [ioslib] [ios-sim] [DEBUG] Comparing 56598D2A-1FB5-434D-89F1-9C071793F6DA == 58A12DC0-FEDA-41E2-AD18-7417D3C35353
[DEBUG]  [ioslib] [ios-sim] [DEBUG] Comparing 58A12DC0-FEDA-41E2-AD18-7417D3C35353 == 58A12DC0-FEDA-41E2-AD18-7417D3C35353
[DEBUG]  [ioslib] [ios-sim] [DEBUG] set device to : iPad 2
[DEBUG]  [ioslib] [ios-sim] [DEBUG] Session started
[DEBUG]  [ioslib] Found application log file: /Users/bla/Library/Developer/CoreSimulator/Devices/58A12DC0-FEDA-41E2-AD18-7417D3C35353/data/Containers/Data/Application/D7E2008B-5FB8-47D0-95A2-6F7E14BD5031/Documents/38759db4-804e-4493-9444-7fdc77e48041.log
[INFO]   Project built successfully in 10s 228ms
